The system is: Windows - 10.0.22621 - AMD64
Compiling the C compiler identification source file "CMakeCCompilerId.c" succeeded.
Compiler: C:/Program Files/Microsoft Visual Studio/2022/Community/VC/Tools/MSVC/14.34.31933/bin/Hostx64/x64/cl.exe 
Build flags: 
Id flags:  

The output was:
0
用于 x64 的 Microsoft (R) C/C++ 优化编译器 19.34.31942 版
版权所有(C) Microsoft Corporation。保留所有权利。

CMakeCCompilerId.c
Microsoft (R) Incremental Linker Version 14.34.31942.0
Copyright (C) Microsoft Corporation.  All rights reserved.

/out:CMakeCCompilerId.exe 
CMakeCCompilerId.obj 


Compilation of the C compiler identification source "CMakeCCompilerId.c" produced "CMakeCCompilerId.exe"

Compilation of the C compiler identification source "CMakeCCompilerId.c" produced "CMakeCCompilerId.obj"

The C compiler identification is MSVC, found in "C:/Academic_Files/2023_Spring/CS100_YuexinMa/Homeworks/hw8/hw8_2/attachments/out/build/x64-Debug/CMakeFiles/3.24.202208181-MSVC_2/CompilerIdC/CMakeCCompilerId.exe"

Compiling the CXX compiler identification source file "CMakeCXXCompilerId.cpp" succeeded.
Compiler: C:/Program Files/Microsoft Visual Studio/2022/Community/VC/Tools/MSVC/14.34.31933/bin/Hostx64/x64/cl.exe 
Build flags: 
Id flags:  

The output was:
0
用于 x64 的 Microsoft (R) C/C++ 优化编译器 19.34.31942 版
版权所有(C) Microsoft Corporation。保留所有权利。

CMakeCXXCompilerId.cpp
Microsoft (R) Incremental Linker Version 14.34.31942.0
Copyright (C) Microsoft Corporation.  All rights reserved.

/out:CMakeCXXCompilerId.exe 
CMakeCXXCompilerId.obj 


Compilation of the CXX compiler identification source "CMakeCXXCompilerId.cpp" produced "CMakeCXXCompilerId.exe"

Compilation of the CXX compiler identification source "CMakeCXXCompilerId.cpp" produced "CMakeCXXCompilerId.obj"

The CXX compiler identification is MSVC, found in "C:/Academic_Files/2023_Spring/CS100_YuexinMa/Homeworks/hw8/hw8_2/attachments/out/build/x64-Debug/CMakeFiles/3.24.202208181-MSVC_2/CompilerIdCXX/CMakeCXXCompilerId.exe"

Detecting C compiler ABI info compiled with the following output:
Change Dir: C:/Academic_Files/2023_Spring/CS100_YuexinMa/Homeworks/hw8/hw8_2/attachments/out/build/x64-Debug/CMakeFiles/CMakeTmp

Run Build Command(s):C:/Program Files/Microsoft Visual Studio/2022/Community/Common7/IDE/CommonExtensions/Microsoft/CMake/Ninja/ninja.exe cmTC_d9895 && [1/2] Building C object CMakeFiles\cmTC_d9895.dir\CMakeCCompilerABI.c.obj
[2/2] Linking C executable cmTC_d9895.exe



Detecting CXX compiler ABI info compiled with the following output:
Change Dir: C:/Academic_Files/2023_Spring/CS100_YuexinMa/Homeworks/hw8/hw8_2/attachments/out/build/x64-Debug/CMakeFiles/CMakeTmp

Run Build Command(s):C:/Program Files/Microsoft Visual Studio/2022/Community/Common7/IDE/CommonExtensions/Microsoft/CMake/Ninja/ninja.exe cmTC_2687e && [1/2] Building CXX object CMakeFiles\cmTC_2687e.dir\CMakeCXXCompilerABI.cpp.obj
[2/2] Linking CXX executable cmTC_2687e.exe



Determining if files sys/types.h exist passed with the following output:
Change Dir: C:/Academic_Files/2023_Spring/CS100_YuexinMa/Homeworks/hw8/hw8_2/attachments/out/build/x64-Debug/CMakeFiles/CMakeTmp

Run Build Command(s):C:/Program Files/Microsoft Visual Studio/2022/Community/Common7/IDE/CommonExtensions/Microsoft/CMake/Ninja/ninja.exe cmTC_c3793 && [1/2] Building C object CMakeFiles\cmTC_c3793.dir\HAVE_SYS_TYPES_H.c.obj
[2/2] Linking C executable cmTC_c3793.exe



Determining if files stdbool.h exist passed with the following output:
Change Dir: C:/Academic_Files/2023_Spring/CS100_YuexinMa/Homeworks/hw8/hw8_2/attachments/out/build/x64-Debug/CMakeFiles/CMakeTmp

Run Build Command(s):C:/Program Files/Microsoft Visual Studio/2022/Community/Common7/IDE/CommonExtensions/Microsoft/CMake/Ninja/ninja.exe cmTC_1b77b && [1/2] Building C object CMakeFiles\cmTC_1b77b.dir\HAVE_STDBOOL_H.c.obj
[2/2] Linking C executable cmTC_1b77b.exe



Determining if files fcntl.h exist passed with the following output:
Change Dir: C:/Academic_Files/2023_Spring/CS100_YuexinMa/Homeworks/hw8/hw8_2/attachments/out/build/x64-Debug/CMakeFiles/CMakeTmp

Run Build Command(s):C:/Program Files/Microsoft Visual Studio/2022/Community/Common7/IDE/CommonExtensions/Microsoft/CMake/Ninja/ninja.exe cmTC_9ff8e && [1/2] Building C object CMakeFiles\cmTC_9ff8e.dir\HAVE_FCNTL_H.c.obj
[2/2] Linking C executable cmTC_9ff8e.exe



Determining if files stdint.h exist passed with the following output:
Change Dir: C:/Academic_Files/2023_Spring/CS100_YuexinMa/Homeworks/hw8/hw8_2/attachments/out/build/x64-Debug/CMakeFiles/CMakeTmp

Run Build Command(s):C:/Program Files/Microsoft Visual Studio/2022/Community/Common7/IDE/CommonExtensions/Microsoft/CMake/Ninja/ninja.exe cmTC_47c1b && [1/2] Building C object CMakeFiles\cmTC_47c1b.dir\HAVE_STDINT_H.c.obj
[2/2] Linking C executable cmTC_47c1b.exe



Determining if files inttypes.h exist passed with the following output:
Change Dir: C:/Academic_Files/2023_Spring/CS100_YuexinMa/Homeworks/hw8/hw8_2/attachments/out/build/x64-Debug/CMakeFiles/CMakeTmp

Run Build Command(s):C:/Program Files/Microsoft Visual Studio/2022/Community/Common7/IDE/CommonExtensions/Microsoft/CMake/Ninja/ninja.exe cmTC_e310b && [1/2] Building C object CMakeFiles\cmTC_e310b.dir\HAVE_INTTYPES_H.c.obj
[2/2] Linking C executable cmTC_e310b.exe



